Case #1: ImpossibleCase #2:
c....
.....
.....
Case #3:
c..*
..**
Case #4:
c...
....
....
Case #5:
c..
..*
Case #6:
c....
.....
..***
Case #7:
c.**
..**
**.*
****
****
Case #8:
c.***
Case #9:
c..
...
...
...
...
Case #10:
c.**
..**
****
****
Case #11: ImpossibleCase #12:
c...
..**
****
****
Case #13:
c..
...
Case #14:
c....
.....
*****
*****
Case #15:
c....
.....
..***
*****
*****
Case #16:
c....
.....
...**
*****
Case #17:
c.
..
..
..
Case #18: ImpossibleCase #19:
c..
...
***
***
Case #20:
c....
.....
*****
*****
*****
Case #21:
c.
..
..
**
**
Case #22:
c....
.....
.....
....*
Case #23:
c...
....
....
.***
****
Case #24:
c...
....
....
....
Case #25:
c...
....
....
..**
****
Case #26:
c.
..
**
**
Case #27: ImpossibleCase #28:
c
.
.
.
.
Case #29: ImpossibleCase #30: ImpossibleCase #31:
c.**
..**
****
Case #32:
c..
...
...
..*
Case #33:
c....
..***
*****
Case #34: ImpossibleCase #35:
c.**
..**
Case #36:
c.*
..*
**.
***
Case #37:
c.
..
**
**
**
Case #38:
c....
.....
.....
....*
*****
Case #39:
c...
....
Case #40:
c.
..
..
..
**
Case #41:
c....
...**
Case #42:
c..*
Case #43: ImpossibleCase #44: ImpossibleCase #45:
c....
.....
...**
Case #46: ImpossibleCase #47:
c.
..
**
Case #48:
c...
...*
****
****
Case #49:
c
.
.
.
Case #50:
c.
..
.*
**
Case #51: ImpossibleCase #52: ImpossibleCase #53: ImpossibleCase #54: ImpossibleCase #55:
c.
..
.*
Case #56: ImpossibleCase #57:
c
.
*
*
Case #58:
c....
.....
.....
.....
.****
Case #59:
c.
..
..
..
..
Case #60:
c.***
..***
*****
*****
Case #61: ImpossibleCase #62:
c...
....
....
....
.***
Case #63:
c....
....*
*****
*****
Case #64:
c...
....
...*
Case #65:
c.*
..*
***
***
***
Case #66:
c...
....
..**
****
****
Case #67: ImpossibleCase #68:
c
.
*
*
*
Case #69:
c....
.....
....*
*****
Case #70:
c...
....
****
****
Case #71: ImpossibleCase #72:
c....
.....
.....
*****
Case #73: ImpossibleCase #74:
c....
..***
Case #75: ImpossibleCase #76: ImpossibleCase #77:
c..
...
...
...
Case #78:
c....
....*
Case #79:
c.
..
..
.*
**
Case #80:
c...
...*
****
****
****
Case #81:
c.
..
..
.*
Case #82:
c....
.....
Case #83:
c....
.....
.....
...**
*****
Case #84:
c...
....
****
****
****
Case #85:
c..
...
...
...
..*
Case #86:
c..
...
..*
***
***
Case #87:
c
.
.
.
*
Case #88:
c
.
.
Case #89: ImpossibleCase #90:
c...
....
.***
****
Case #91: ImpossibleCase #92:
c...
....
..**
****
Case #93:
c.**
..**
..**
****
****
Case #94:
c.**
..**
****
****
****
Case #95:
c.**
..**
**.*
Case #96:
c...
....
....
....
....
Case #97:
c..
...
.**
Case #98:
c....
.....
...**
*****
*****
Case #99: ImpossibleCase #100:
c.
..
..
Case #101:
c...
Case #102: ImpossibleCase #103:
c....
.....
.....
..***
*****
Case #104:
c....
.....
.....
.....
...**
Case #105: ImpossibleCase #106:
c...
....
....
.***
Case #107: ImpossibleCase #108:
c.**
..**
**.*
****
Case #109: ImpossibleCase #110:
c...
....
...*
****
Case #111:
c.
..
..
..
.*
Case #112:
c...
...*
Case #113:
c....
...**
*****
*****
*****
Case #114: ImpossibleCase #115:
c..
...
...
Case #116:
c..
...
...
***
***
Case #117: ImpossibleCase #118: ImpossibleCase #119:
c...
....
....
****
****
Case #120: ImpossibleCase #121:
c...
....
....
****
Case #122:
c...
..**
Case #123: ImpossibleCase #124: ImpossibleCase #125: ImpossibleCase #126:
c....
.....
*****
Case #127: ImpossibleCase #128:
c....
.....
.....
.....
*****
Case #129: ImpossibleCase #130: ImpossibleCase #131:
c..**
..***
Case #132:
c....
..***
*****
*****
*****
Case #133:
c.*
..*
***
Case #134:
c..**
...**
*****
Case #135: ImpossibleCase #136:
c.***
..***
**.**
*****
Case #137:
c..
...
...
..*
***
Case #138:
c....
.....
.....
.****
Case #139:
c....
....*
*****
Case #140:
c...
....
....
...*
****
Case #141:
c....
.....
.....
...**
Case #142:
c.**
Case #143:
c...
....
....
....
****
Case #144: ImpossibleCase #145:
c....
Case #146:
c..
..*
***
Case #147: ImpossibleCase #148:
c....
.....
.....
.....
..***
Case #149: ImpossibleCase #150:
c....
...**
*****
Case #151:
c..**
Case #152:
c...
...*
****
Case #153:
c.***
..***
*****
*****
*****
Case #154:
c..**
...**
*****
*****
*****
Case #155: ImpossibleCase #156:
c.***
..***
**.**
Case #157:
c...
....
....
..**
Case #158: ImpossibleCase #159: ImpossibleCase #160:
c..
...
...
***
Case #161:
c.*
Case #162:
c...*
Case #163: ImpossibleCase #164:
c....
.....
....*
Case #165: ImpossibleCase #166: ImpossibleCase #167: ImpossibleCase #168:
c....
.....
.....
.....
.....
Case #169:
c.
..
..
**
Case #170: ImpossibleCase #171:
c.***
..***
**.**
*****
*****
Case #172:
c.*
..*
..*
***
***
Case #173: ImpossibleCase #174:
c
.
.
*
*
Case #175:
c..
...
***
Case #176:
c....
.....
.....
.....
Case #177:
c..
...
...
...
***
Case #178:
c...
....
.***
Case #179:
c..
...
.**
***
***
Case #180: ImpossibleCase #181:
c...
....
....
....
..**
Case #182:
c....
....*
*****
*****
*****
Case #183:
c....
.....
..***
*****
Case #184:
c.*
..*
**.
***
***
Case #185:
c...
....
..**
Case #186:
c...
....
...*
****
****
Case #187:
c..
Case #188:
c..
...
...
.**
Case #189:
c.***
..***
*****
Case #190:
c....
...**
*****
*****
Case #191:
c....
.....
.....
*****
*****
Case #192:
c....
.....
.....
.....
....*
Case #193:
c....
.....
.****
Case #194: ImpossibleCase #195:
c....
.....
.....
..***
Case #196:
c.*
..*
***
***
Case #197:
c.***
..***
Case #198:
c....
.....
.****
*****
Case #199:
c..
...
.**
***
Case #200:
c....
.....
.****
*****
*****
Case #201:
c....
.....
....*
*****
*****
Case #202: ImpossibleCase #203:
c...
....
.***
****
****
Case #204:
c...
....
....
....
...*
Case #205:
c..
...
..*
***
Case #206:
c....
.....
.....
.****
*****
Case #207:
c..**
...**
Case #208: ImpossibleCase #209:
c..
...
..*
Case #210:
c.*
..*
Case #211: ImpossibleCase #212:
c...
..**
****
Case #213:
c..**
...**
*****
*****
Case #214: ImpossibleCase #215:
c....
..***
*****
*****
Case #216: ImpossibleCase #217:
c.
..
.*
**
**
Case #218:
c..
...
...
.**
***
Case #219:
c...
....
....
...*
Case #220:
c
.
*
Case #221: ImpossibleCase #222: ImpossibleCase #223:
c
.
.
*
Case #224:
c..
...
...
...
.**
Case #225:
c...
....
****
