Case #1: Impossible
Case #2:
c....
....*
Case #3:
c...
....
****
****
****
Case #4:
c....
....*
*****
*****
Case #5:
c..
...
...
...
..*
Case #6:
c..**
...**
*****
*****
Case #7:
c.
..
.*
Case #8:
c.*
..*
..*
***
***
Case #9:
c....
.....
.....
....*
Case #10:
c
.
.
*
*
Case #11: Impossible
Case #12:
c....
..***
*****
*****
*****
Case #13:
c.**
..**
.***
****
Case #14:
c.
..
.*
**
**
Case #15:
c..
...
...
...
.**
Case #16: Impossible
Case #17: Impossible
Case #18:
c....
....*
*****
*****
*****
Case #19: Impossible
Case #20: Impossible
Case #21: Impossible
Case #22:
c.
..
..
**
Case #23:
c.**
..**
.***
****
****
Case #24:
c
.
.
.
*
Case #25:
c...
....
....
Case #26:
c.***
..***
.****
Case #27: Impossible
Case #28:
c.*
..*
Case #29:
c..**
...**
*****
*****
*****
Case #30: Impossible
Case #31:
c...
....
....
....
...*
Case #32:
c....
.....
.....
.....
...**
Case #33: Impossible
Case #34:
c....
.....
.....
.....
*****
Case #35: Impossible
Case #36: Impossible
Case #37:
c..
...
***
***
Case #38:
c..
...
...
...
...
Case #39:
c
.
.
Case #40:
c...
....
Case #41:
c...
....
....
....
..**
Case #42:
c.***
Case #43: Impossible
Case #44: Impossible
Case #45:
c....
.....
....*
*****
*****
Case #46:
c.
..
..
.*
**
Case #47: Impossible
Case #48:
c..
...
...
Case #49:
c.*
..*
***
***
***
Case #50:
c.***
..***
.****
*****
*****
Case #51:
c....
.....
.....
..***
*****
Case #52:
c....
.....
.....
...**
*****
Case #53:
c..*
Case #54:
c....
...**
*****
*****
*****
Case #55:
c...
..**
****
Case #56: Impossible
Case #57:
c...
....
..**
****
****
Case #58: Impossible
Case #59: Impossible
Case #60:
c...
....
....
.***
Case #61:
c...
..**
****
****
Case #62:
c...
....
.***
Case #63:
c.
..
**
**
**
Case #64:
c...
....
...*
Case #65:
c..
Case #66:
c....
.....
.....
.....
....*
Case #67:
c...
Case #68:
c.
..
..
..
Case #69: Impossible
Case #70:
c....
.....
.****
*****
Case #71: Impossible
Case #72:
c.
..
..
Case #73:
c....
.....
.....
*****
Case #74:
c...
...*
****
Case #75: Impossible
Case #76:
c..
...
.**
Case #77:
c.
..
.*
**
Case #78:
c...
...*
****
****
****
Case #79:
c.**
..**
.***
Case #80: Impossible
Case #81: Impossible
Case #82:
c...
....
****
****
Case #83: Impossible
Case #84: Impossible
Case #85:
c.
..
**
Case #86:
c.*
Case #87:
c.*
..*
***
Case #88: Impossible
Case #89: Impossible
Case #90: Impossible
Case #91:
c...
....
....
....
....
Case #92:
c....
.....
.....
..***
Case #93:
c...
....
....
****
Case #94:
c.***
..***
*****
*****
*****
Case #95:
c..**
...**
Case #96:
c....
.....
...**
Case #97: Impossible
Case #98: Impossible
Case #99:
c..
...
...
...
Case #100: Impossible
Case #101:
c.**
..**
****
****
****
Case #102: Impossible
Case #103: Impossible
Case #104:
c...
....
...*
****
****
Case #105:
c..
...
.**
***
***
Case #106:
c....
.....
.....
.....
.****
Case #107:
c....
..***
*****
*****
Case #108:
c.**
Case #109:
c...
...*
****
****
Case #110:
c.
..
..
..
..
Case #111:
c..
...
...
***
Case #112:
c....
.....
.....
.....
Case #113:
c.***
..***
.****
*****
Case #114:
c...
....
....
.***
****
Case #115:
c..
...
...
.**
***
Case #116:
c..
..*
Case #117:
c..
..*
***
Case #118:
c..
...
...
...
***
Case #119:
c.*
..*
***
***
Case #120:
c....
.....
...**
*****
*****
Case #121:
c.*
..*
.**
***
Case #122:
c...
....
****
Case #123: Impossible
Case #124:
c.**
..**
..**
****
****
Case #125:
c.
..
..
..
**
Case #126:
c..**
Case #127: Impossible
Case #128:
c....
.....
....*
*****
Case #129: Impossible
Case #130:
c
.
.
.
.
Case #131: Impossible
Case #132:
c
.
*
*
Case #133: Impossible
Case #134:
c..
...
...
.**
Case #135:
c.**
..**
****
****
Case #136:
c...
...*
Case #137:
c....
.....
.....
.****
Case #138: Impossible
Case #139:
c..**
..***
Case #140: Impossible
Case #141:
c....
.....
.....
.....
.....
Case #142:
c....
..***
Case #143: Impossible
Case #144:
c..
...
...
..*
Case #145:
c
.
*
Case #146:
c....
...**
*****
*****
Case #147:
c...
....
....
....
****
Case #148:
c
.
.
.
Case #149:
c..*
..**
Case #150:
c.
..
..
**
**
Case #151:
c....
.....
...**
*****
Case #152:
c..
...
...
..*
***
Case #153:
c....
.....
.....
.****
*****
Case #154:
c..
...
...
***
***
Case #155:
c.
..
..
.*
Case #156: Impossible
Case #157: Impossible
Case #158:
c....
....*
*****
Case #159:
c...
....
....
....
Case #160:
c....
...**
*****
Case #161: Impossible
Case #162:
c....
.....
....*
Case #163: Impossible
Case #164:
c....
.....
.....
Case #165:
c....
.....
.....
*****
*****
Case #166:
c..
...
..*
***
Case #167:
c.***
..***
*****
*****
Case #168: Impossible
Case #169: Impossible
Case #170:
c....
..***
*****
Case #171:
c...
....
....
****
****
Case #172:
c..
...
Case #173:
c...
....
....
...*
****
Case #174:
c....
.....
.****
Case #175: Impossible
Case #176:
c
.
*
*
*
Case #177:
c...
....
....
...*
Case #178: Impossible
Case #179:
c..
...
..*
***
***
Case #180:
c....
.....
Case #181: Impossible
Case #182:
c...
....
...*
****
Case #183:
c..**
...**
*****
Case #184:
c...
....
....
..**
****
Case #185:
c...
....
....
....
.***
Case #186:
c....
.....
..***
*****
Case #187:
c.***
..***
Case #188:
c...
....
.***
****
Case #189:
c.**
..**
****
Case #190: Impossible
Case #191:
c....
...**
Case #192:
c...
....
..**
Case #193: Impossible
Case #194:
c....
.....
..***
*****
*****
Case #195:
c....
.....
*****
Case #196:
c....
.....
..***
Case #197:
c.**
..**
Case #198:
c....
.....
.....
...**
Case #199: Impossible
Case #200: Impossible
Case #201:
c...*
Case #202:
c.***
..***
*****
Case #203:
c.*
..*
.**
***
***
Case #204: Impossible
Case #205:
c....
Case #206: Impossible
Case #207:
c...
....
..**
****
Case #208:
c.
..
**
**
Case #209: Impossible
Case #210: Impossible
Case #211:
c..
...
.**
***
Case #212: Impossible
Case #213:
c...
....
.***
****
****
Case #214:
c...
..**
Case #215: Impossible
Case #216:
c....
.....
.....
....*
*****
Case #217:
c....
.....
.....
.....
..***
Case #218:
c..
...
***
Case #219:
c....
.....
.****
*****
*****
Case #220:
c.
..
..
..
.*
Case #221:
c....
.....
*****
*****
Case #222:
c....
.....
*****
*****
*****
Case #223:
c
.
.
*
Case #224:
c..
...
..*
Case #225:
c...
....
....
..**
