Case #1:
c....
..***
*****
*****
*****
Case #2:
c....
.....
...**
*****
*****
Case #3:
c....
.....
.****
Case #4: 
Impossible
Case #5: 
Impossible
Case #6:
c.
..
.*
Case #7:
c.***
..***
.****
*****
Case #8:
c.**
..**
****
****
Case #9:
c..*
..**
Case #10: 
Impossible
Case #11:
c....
.....
..***
*****
Case #12: 
Impossible
Case #13:
c....
.....
.....
*****
Case #14:
c..
...
..*
***
Case #15:
c....
....*
*****
*****
Case #16:
c..
...
...
...
.**
Case #17:
c.**
..**
Case #18:
c...
....
....
...*
Case #19:
c...
....
...*
****
****
Case #20:
c..**
...**
Case #21:
c..
...
...
***
***
Case #22:
c..**
Case #23:
c...
....
....
....
.***
Case #24:
c...
....
....
.***
Case #25: 
Impossible
Case #26:
c...
....
..**
****
****
Case #27:
c....
.....
.....
.....
*****
Case #28:
c..
...
...
.**
***
Case #29: 
Impossible
Case #30:
c...
....
....
.***
****
Case #31:
c...
....
..**
Case #32:
c....
.....
....*
*****
Case #33:
c.*
Case #34:
c....
.....
.....
.....
.****
Case #35:
c....
...**
*****
*****
Case #36:
c...
....
****
****
Case #37: 
Impossible
Case #38: 
Impossible
Case #39: 
Impossible
Case #40: 
Impossible
Case #41:
c....
.....
.....
.....
...**
Case #42: 
Impossible
Case #43:
c...
...*
****
****
****
Case #44:
c....
.....
.....
*****
*****
Case #45:
c.*
..*
Case #46: 
Impossible
Case #47:
c....
.....
..***
*****
*****
Case #48:
c..
...
***
***
Case #49:
c....
.....
...**
Case #50:
c.
..
.*
**
**
Case #51: 
Impossible
Case #52:
c..
...
...
...
Case #53: 
Impossible
Case #54:
c..**
...**
*****
*****
Case #55:
c..
...
.**
Case #56: 
Impossible
Case #57:
c...*
Case #58:
c.**
..**
****
Case #59:
c...
....
.***
****
Case #60: 
Impossible
Case #61:
c...
....
..**
****
Case #62:
c....
..***
Case #63:
c....
.....
.....
.....
Case #64:
c....
Case #65:
c.*
..*
.**
***
***
Case #66:
c....
.....
.....
.****
*****
Case #67:
c.
..
**
**
Case #68:
c..
Case #69:
c..
...
...
..*
Case #70:
c.
..
..
..
..
Case #71:
c.*
..*
..*
***
***
Case #72: 
Impossible
Case #73:
c...
....
****
****
****
Case #74: 
Impossible
Case #75:
c.***
Case #76: 
Impossible
Case #77:
c...
....
...*
****
Case #78:
c..
...
...
...
...
Case #79:
c....
.....
.....
.....
..***
Case #80:
c...
Case #81:
c.**
..**
.***
****
Case #82:
c.
..
**
Case #83: 
Impossible
Case #84:
c....
.....
.....
Case #85:
c..**
...**
*****
Case #86:
c....
....*
*****
*****
*****
Case #87:
c..
...
..*
***
***
Case #88:
c....
.....
.....
...**
*****
Case #89:
c.**
..**
****
****
****
Case #90:
c....
.....
....*
*****
*****
Case #91: 
Impossible
Case #92:
c.
..
..
Case #93:
c....
....*
*****
Case #94:
c....
.....
.....
..***
Case #95:
c....
.....
.****
*****
*****
Case #96:
c.***
..***
*****
Case #97:
c
.
.
*
*
Case #98: 
Impossible
Case #99:
c....
.....
..***
Case #100: 
Impossible
Case #101:
c.*
..*
***
***
Case #102:
c....
.....
.....
.****
Case #103:
c....
...**
Case #104:
c....
.....
.....
.....
....*
Case #105:
c...
....
....
..**
****
Case #106:
c..*
Case #107: 
Impossible
Case #108:
c...
..**
****
Case #109: 
Impossible
Case #110:
c
.
.
.
Case #111:
c..
...
...
..*
***
Case #112: 
Impossible
Case #113: 
Impossible
Case #114: 
Impossible
Case #115:
c..
...
..*
Case #116:
c....
.....
.....
....*
Case #117: 
Impossible
Case #118:
c.
..
..
.*
**
Case #119: 
Impossible
Case #120:
c....
.....
.....
....*
*****
Case #121:
c.
..
..
.*
Case #122: 
Impossible
Case #123:
c.*
..*
***
Case #124:
c
.
*
*
Case #125: 
Impossible
Case #126: 
Impossible
Case #127:
c.*
..*
.**
***
Case #128:
c...
....
....
....
....
Case #129:
c.
..
..
..
.*
Case #130:
c....
...**
*****
*****
*****
Case #131: 
Impossible
Case #132:
c...
....
.***
Case #133:
c..
...
...
...
***
Case #134:
c....
.....
...**
*****
Case #135:
c...
....
....
....
..**
Case #136: 
Impossible
Case #137:
c.***
..***
.****
Case #138:
c.
..
..
**
**
Case #139: 
Impossible
Case #140:
c...
....
....
....
Case #141:
c...
....
....
....
...*
Case #142:
c....
.....
.****
*****
Case #143:
c...
...*
****
****
Case #144:
c.***
..***
*****
*****
Case #145: 
Impossible
Case #146:
c....
.....
*****
*****
Case #147:
c...
....
....
****
****
Case #148:
c...
...*
****
Case #149:
c....
..***
*****
Case #150:
c..
...
...
Case #151:
c.
..
..
**
Case #152:
c..
...
...
.**
Case #153:
c.**
..**
..**
****
****
Case #154:
c.**
Case #155:
c..
...
Case #156:
c...
....
...*
Case #157:
c...
....
....
Case #158: 
Impossible
Case #159: 
Impossible
Case #160: 
Impossible
Case #161:
c.*
..*
***
***
***
Case #162:
c...
...*
Case #163:
c.
..
**
**
**
Case #164:
c.***
..***
Case #165: 
Impossible
Case #166: 
Impossible
Case #167:
c
.
.
*
Case #168:
c...
....
....
****
Case #169:
c..
...
.**
***
***
Case #170:
c.
..
..
..
Case #171:
c...
....
Case #172:
c....
.....
....*
Case #173:
c..
...
***
Case #174:
c....
..***
*****
*****
Case #175: 
Impossible
Case #176:
c.
..
.*
**
Case #177:
c....
....*
Case #178:
c
.
*
Case #179: 
Impossible
Case #180:
c.**
..**
.***
Case #181:
c...
....
.***
****
****
Case #182:
c....
.....
.....
..***
*****
Case #183: 
Impossible
Case #184:
c...
..**
Case #185:
c.***
..***
.****
*****
*****
Case #186:
c
.
.
Case #187:
c...
....
****
Case #188: 
Impossible
Case #189:
c.**
..**
.***
****
****
Case #190:
c..
...
.**
***
Case #191:
c.
..
..
..
**
Case #192:
c..
...
...
...
..*
Case #193: 
Impossible
Case #194:
c...
....
....
....
****
Case #195:
c....
.....
.....
...**
Case #196:
c...
....
....
..**
Case #197:
c
.
*
*
*
Case #198:
c.***
..***
*****
*****
*****
Case #199:
c....
.....
*****
*****
*****
Case #200: 
Impossible
Case #201:
c..
..*
Case #202: 
Impossible
Case #203: 
Impossible
Case #204:
c....
...**
*****
Case #205: 
Impossible
Case #206:
c..
..*
***
Case #207:
c
.
.
.
.
Case #208: 
Impossible
Case #209:
c..
...
...
***
Case #210:
c..**
...**
*****
*****
*****
Case #211: 
Impossible
Case #212: 
Impossible
Case #213:
c....
.....
.....
.....
.....
Case #214: 
Impossible
Case #215:
c....
.....
Case #216: 
Impossible
Case #217: 
Impossible
Case #218: 
Impossible
Case #219:
c...
..**
****
****
Case #220:
c
.
.
.
*
Case #221:
c..**
..***
Case #222:
c....
.....
*****
Case #223: 
Impossible
Case #224: 
Impossible
Case #225:
c...
....
....
...*
****
