Case #1:
c....
.....
.....
.****
Case #2:
c...
....
....
...*
****
Case #3:
c...
....
****
Case #4:
c
.
.
*
*
Case #5:
c.*
..*
.**
***
Case #6:
c..**
...**
Case #7: 
Impossible
Case #8: 
Impossible
Case #9:
c..
...
...
.**
***
Case #10:
c....
..***
Case #11:
c..
...
***
Case #12:
c.**
..**
Case #13:
c.**
..**
.***
Case #14:
c...
...*
****
Case #15:
c.***
..***
.****
Case #16:
c....
.....
.....
.....
*****
Case #17: 
Impossible
Case #18:
c.*
..*
..*
***
***
Case #19:
c.
..
..
..
..
Case #20:
c....
.....
*****
Case #21:
c.
..
..
.*
**
Case #22: 
Impossible
Case #23: 
Impossible
Case #24:
c....
.....
.....
....*
Case #25: 
Impossible
Case #26:
c....
.....
....*
*****
Case #27: 
Impossible
Case #28:
c.
..
**
**
**
Case #29:
c..
...
...
***
Case #30:
c.*
Case #31:
c...
....
..**
Case #32: 
Impossible
Case #33:
c.
..
.*
**
Case #34:
c....
.....
..***
*****
*****
Case #35:
c.***
..***
*****
Case #36:
c..
Case #37:
c....
.....
*****
*****
*****
Case #38: 
Impossible
Case #39:
c...
....
....
.***
Case #40: 
Impossible
Case #41:
c.*
..*
***
***
***
Case #42: 
Impossible
Case #43: 
Impossible
Case #44:
c
.
*
*
*
Case #45:
c.
..
.*
Case #46:
c...
....
...*
Case #47:
c....
...**
*****
*****
Case #48:
c....
.....
.****
Case #49:
c....
.....
.****
*****
Case #50: 
Impossible
Case #51:
c..
...
...
...
***
Case #52:
c..*
Case #53:
c
.
.
*
Case #54:
c....
.....
...**
*****
*****
Case #55:
c..**
..***
Case #56: 
Impossible
Case #57: 
Impossible
Case #58:
c.***
..***
*****
*****
Case #59:
c..
...
.**
***
Case #60:
c....
...**
*****
Case #61:
c.*
..*
Case #62: 
Impossible
Case #63:
c..
...
...
...
...
Case #64:
c...
....
....
****
Case #65: 
Impossible
Case #66:
c...
....
....
....
...*
Case #67: 
Impossible
Case #68: 
Impossible
Case #69: 
Impossible
Case #70: 
Impossible
Case #71: 
Impossible
Case #72: 
Impossible
Case #73:
c....
....*
Case #74: 
Impossible
Case #75: 
Impossible
Case #76:
c.
..
..
Case #77:
c.*
..*
.**
***
***
Case #78:
c.
..
..
**
**
Case #79: 
Impossible
Case #80: 
Impossible
Case #81:
c
.
*
Case #82:
c....
..***
*****
*****
Case #83:
c.***
..***
.****
*****
Case #84:
c....
....*
*****
*****
*****
Case #85:
c...
....
....
....
Case #86:
c.***
..***
*****
*****
*****
Case #87: 
Impossible
Case #88:
c....
.....
.....
.....
....*
Case #89:
c.***
..***
.****
*****
*****
Case #90:
c....
....*
*****
Case #91: 
Impossible
Case #92:
c...
...*
****
****
****
Case #93: 
Impossible
Case #94: 
Impossible
Case #95: 
Impossible
Case #96: 
Impossible
Case #97:
c....
.....
.....
..***
Case #98:
c..**
...**
*****
*****
Case #99:
c...
....
....
..**
****
Case #100:
c...
....
Case #101:
c...
....
..**
****
Case #102:
c..**
...**
*****
Case #103:
c..
...
..*
Case #104:
c.
..
..
..
**
Case #105: 
Impossible
Case #106:
c....
.....
.....
..***
*****
Case #107:
c....
.....
..***
*****
Case #108: 
Impossible
Case #109:
c...
....
....
...*
Case #110:
c...*
Case #111:
c..
...
.**
Case #112: 
Impossible
Case #113: 
Impossible
Case #114:
c....
.....
.....
.....
...**
Case #115:
c.*
..*
***
***
Case #116:
c....
...**
*****
*****
*****
Case #117:
c..
..*
***
Case #118: 
Impossible
Case #119:
c.**
Case #120: 
Impossible
Case #121:
c....
.....
*****
*****
Case #122: 
Impossible
Case #123:
c...
....
.***
****
Case #124:
c...
...*
****
****
Case #125:
c....
....*
*****
*****
Case #126:
c...
....
****
****
****
Case #127:
c....
...**
Case #128:
c..**
Case #129:
c...
....
.***
Case #130: 
Impossible
Case #131: 
Impossible
Case #132:
c....
.....
....*
Case #133:
c....
.....
.....
....*
*****
Case #134: 
Impossible
Case #135:
c..
...
Case #136: 
Impossible
Case #137:
c.*
..*
***
Case #138:
c....
.....
.....
.....
.....
Case #139:
c..
..*
Case #140: 
Impossible
Case #141:
c
.
.
.
*
Case #142: 
Impossible
Case #143:
c....
.....
..***
Case #144:
c..
...
...
..*
Case #145:
c...
....
...*
****
Case #146:
c..
...
...
...
Case #147:
c...
....
....
..**
Case #148:
c....
..***
*****
Case #149:
c....
.....
.....
*****
*****
Case #150:
c
.
*
*
Case #151:
c..
...
...
.**
Case #152: 
Impossible
Case #153:
c.***
Case #154: 
Impossible
Case #155:
c...
..**
****
Case #156:
c.
..
**
**
Case #157:
c.
..
.*
**
**
Case #158: 
Impossible
Case #159:
c.**
..**
..**
****
****
Case #160:
c..
...
..*
***
Case #161:
c..
...
***
***
Case #162:
c....
.....
.....
Case #163: 
Impossible
Case #164:
c..
...
...
***
***
Case #165:
c.
..
**
Case #166:
c...
....
....
....
****
Case #167:
c....
.....
.....
.....
Case #168:
c...
....
....
....
....
Case #169:
c...
....
....
....
.***
Case #170:
c.
..
..
**
Case #171: 
Impossible
Case #172:
c
.
.
.
.
Case #173:
c.**
..**
****
Case #174:
c....
.....
.....
.....
..***
Case #175:
c....
.....
...**
*****
Case #176:
c....
.....
.....
...**
Case #177:
c.**
..**
.***
****
****
Case #178:
c..
...
...
...
.**
Case #179:
c....
.....
.....
.....
.****
Case #180:
c.
..
..
..
Case #181:
c...
....
..**
****
****
Case #182:
c....
.....
.....
...**
*****
Case #183:
c.**
..**
.***
****
Case #184:
c..
...
...
Case #185:
c....
.....
.....
.****
*****
Case #186:
c...
....
....
....
..**
Case #187:
c..
...
...
...
..*
Case #188:
c...
....
.***
****
****
Case #189: 
Impossible
Case #190:
c....
Case #191:
c..
...
...
..*
***
Case #192: 
Impossible
Case #193:
c....
.....
Case #194:
c..
...
..*
***
***
Case #195:
c..
...
.**
***
***
Case #196:
c...
..**
****
****
Case #197:
c....
.....
....*
*****
*****
Case #198:
c
.
.
.
Case #199:
c...
....
****
****
Case #200:
c...
....
....
.***
****
Case #201: 
Impossible
Case #202: 
Impossible
Case #203:
c...
..**
Case #204:
c.***
..***
Case #205:
c....
.....
...**
Case #206:
c...
....
....
****
****
Case #207:
c...
....
....
Case #208: 
Impossible
Case #209: 
Impossible
Case #210:
c...
...*
Case #211:
c.**
..**
****
****
****
Case #212:
c....
..***
*****
*****
*****
Case #213: 
Impossible
Case #214: 
Impossible
Case #215:
c
.
.
Case #216:
c..**
...**
*****
*****
*****
Case #217:
c..*
..**
Case #218:
c...
....
...*
****
****
Case #219:
c...
Case #220:
c.
..
..
..
.*
Case #221:
c....
.....
.....
*****
Case #222: 
Impossible
Case #223:
c....
.....
.****
*****
*****
Case #224:
c.**
..**
****
****
Case #225:
c.
..
..
.*